<?xml version="1.0" encoding="UTF-8"?>
<coverage generated="1654814958780" clover="3.2.0">
  <project timestamp="1654814958781" name="All files">
    <metrics statements="27" coveredstatements="18" conditionals="6" coveredconditionals="6" methods="9" coveredmethods="6" elements="42" coveredelements="30" complexity="0" loc="27" ncloc="27" packages="4" files="9" classes="9"/>
    <package name="testing_with_expo_react_native">
      <metrics statements="2" coveredstatements="0" conditionals="0" coveredconditionals="0" methods="1" coveredmethods="0"/>
      <file name="App.js" path="/home/flavio/projects/react_native_projects/testing_with_expo_react_native/App.js">
        <metrics statements="2" coveredstatements="0" conditionals="0" coveredconditionals="0" methods="1" coveredmethods="0"/>
        <line num="6" count="0" type="stmt"/>
        <line num="13" count="0" type="stmt"/>
      </file>
    </package>
    <package name="testing_with_expo_react_native.src.Components.PostList">
      <metrics statements="9" coveredstatements="8" conditionals="0" coveredconditionals="0" methods="4" coveredmethods="3"/>
      <file name="PostList.jsx" path="/home/flavio/projects/react_native_projects/testing_with_expo_react_native/src/Components/PostList/PostList.jsx">
        <metrics statements="8" coveredstatements="7" conditionals="0" coveredconditionals="0" methods="4" coveredmethods="3"/>
        <line num="8" count="3" type="stmt"/>
        <line num="10" count="2" type="stmt"/>
        <line num="11" count="1" type="stmt"/>
        <line num="12" count="1" type="stmt"/>
        <line num="15" count="2" type="stmt"/>
        <line num="16" count="1" type="stmt"/>
        <line num="19" count="2" type="stmt"/>
        <line num="22" count="0" type="stmt"/>
      </file>
      <file name="PostList.styles.js" path="/home/flavio/projects/react_native_projects/testing_with_expo_react_native/src/Components/PostList/PostList.styles.js">
        <metrics statements="1" coveredstatements="1" conditionals="0" coveredconditionals="0" methods="0" coveredmethods="0"/>
        <line num="3" count="1" type="stmt"/>
      </file>
      <file name="index.js" path="/home/flavio/projects/react_native_projects/testing_with_expo_react_native/src/Components/PostList/index.js">
        <metrics statements="0" coveredstatements="0" conditionals="0" coveredconditionals="0" methods="0" coveredmethods="0"/>
      </file>
    </package>
    <package name="testing_with_expo_react_native.src.Helpers">
      <metrics statements="9" coveredstatements="9" conditionals="6" coveredconditionals="6" methods="3" coveredmethods="3"/>
      <file name="capitalizeString.js" path="/home/flavio/projects/react_native_projects/testing_with_expo_react_native/src/Helpers/capitalizeString.js">
        <metrics statements="3" coveredstatements="3" conditionals="2" coveredconditionals="2" methods="1" coveredmethods="1"/>
        <line num="1" count="2" type="stmt"/>
        <line num="2" count="2" type="cond" truecount="2" falsecount="0"/>
        <line num="3" count="1" type="stmt"/>
      </file>
      <file name="convertCurrency.js" path="/home/flavio/projects/react_native_projects/testing_with_expo_react_native/src/Helpers/convertCurrency.js">
        <metrics statements="3" coveredstatements="3" conditionals="2" coveredconditionals="2" methods="1" coveredmethods="1"/>
        <line num="1" count="1" type="stmt"/>
        <line num="2" count="2" type="cond" truecount="2" falsecount="0"/>
        <line num="4" count="1" type="stmt"/>
      </file>
      <file name="transformString.js" path="/home/flavio/projects/react_native_projects/testing_with_expo_react_native/src/Helpers/transformString.js">
        <metrics statements="3" coveredstatements="3" conditionals="2" coveredconditionals="2" methods="1" coveredmethods="1"/>
        <line num="1" count="1" type="stmt"/>
        <line num="2" count="2" type="cond" truecount="2" falsecount="0"/>
        <line num="3" count="1" type="stmt"/>
      </file>
    </package>
    <package name="testing_with_expo_react_native.src.Services">
      <metrics statements="7" coveredstatements="1" conditionals="0" coveredconditionals="0" methods="1" coveredmethods="0"/>
      <file name="api.js" path="/home/flavio/projects/react_native_projects/testing_with_expo_react_native/src/Services/api.js">
        <metrics statements="1" coveredstatements="1" conditionals="0" coveredconditionals="0" methods="0" coveredmethods="0"/>
        <line num="3" count="1" type="stmt"/>
      </file>
      <file name="getPosts.js" path="/home/flavio/projects/react_native_projects/testing_with_expo_react_native/src/Services/getPosts.js">
        <metrics statements="6" coveredstatements="0" conditionals="0" coveredconditionals="0" methods="1" coveredmethods="0"/>
        <line num="3" count="0" type="stmt"/>
        <line num="4" count="0" type="stmt"/>
        <line num="5" count="0" type="stmt"/>
        <line num="6" count="0" type="stmt"/>
        <line num="8" count="0" type="stmt"/>
        <line num="9" count="0" type="stmt"/>
      </file>
    </package>
  </project>
</coverage>
