{"/home/flavio/projects/react_native_projects/testing_with_expo_react_native/App.js": {"path":"/home/flavio/projects/react_native_projects/testing_with_expo_react_native/App.js","statementMap":{"0":{"start":{"line":6,"column":2},"end":{"line":10,"column":4}},"1":{"start":{"line":13,"column":15},"end":{"line":20,"column":2}}},"fnMap":{"0":{"name":"App","decl":{"start":{"line":5,"column":24},"end":{"line":5,"column":27}},"loc":{"start":{"line":5,"column":30},"end":{"line":11,"column":1}},"line":5}},"branchMap":{},"s":{"0":0,"1":0},"f":{"0":0},"b":{}}
,"/home/flavio/projects/react_native_projects/testing_with_expo_react_native/src/Components/PostList/PostList.jsx": {"path":"/home/flavio/projects/react_native_projects/testing_with_expo_react_native/src/Components/PostList/PostList.jsx","statementMap":{"0":{"start":{"line":8,"column":26},"end":{"line":8,"column":38}},"1":{"start":{"line":10,"column":18},"end":{"line":13,"column":3}},"2":{"start":{"line":11,"column":18},"end":{"line":11,"column":34}},"3":{"start":{"line":12,"column":4},"end":{"line":12,"column":18}},"4":{"start":{"line":15,"column":2},"end":{"line":17,"column":8}},"5":{"start":{"line":16,"column":4},"end":{"line":16,"column":13}},"6":{"start":{"line":19,"column":2},"end":{"line":26,"column":3}},"7":{"start":{"line":22,"column":6},"end":{"line":24,"column":19}}},"fnMap":{"0":{"name":"(anonymous_0)","decl":{"start":{"line":7,"column":15},"end":{"line":7,"column":16}},"loc":{"start":{"line":7,"column":21},"end":{"line":27,"column":1}},"line":7},"1":{"name":"(anonymous_1)","decl":{"start":{"line":10,"column":18},"end":{"line":10,"column":19}},"loc":{"start":{"line":10,"column":30},"end":{"line":13,"column":3}},"line":10},"2":{"name":"(anonymous_2)","decl":{"start":{"line":15,"column":12},"end":{"line":15,"column":13}},"loc":{"start":{"line":15,"column":18},"end":{"line":17,"column":3}},"line":15},"3":{"name":"(anonymous_3)","decl":{"start":{"line":21,"column":17},"end":{"line":21,"column":18}},"loc":{"start":{"line":22,"column":6},"end":{"line":24,"column":19}},"line":22}},"branchMap":{},"s":{"0":0,"1":0,"2":0,"3":0,"4":0,"5":0,"6":0,"7":0},"f":{"0":0,"1":0,"2":0,"3":0},"b":{}}
,"/home/flavio/projects/react_native_projects/testing_with_expo_react_native/src/Components/PostList/PostList.styles.js": {"path":"/home/flavio/projects/react_native_projects/testing_with_expo_react_native/src/Components/PostList/PostList.styles.js","statementMap":{"0":{"start":{"line":3,"column":24},"end":{"line":5,"column":1}}},"fnMap":{},"branchMap":{},"s":{"0":0},"f":{},"b":{}}
,"/home/flavio/projects/react_native_projects/testing_with_expo_react_native/src/Components/PostList/index.js": {"path":"/home/flavio/projects/react_native_projects/testing_with_expo_react_native/src/Components/PostList/index.js","statementMap":{},"fnMap":{},"branchMap":{},"s":{},"f":{},"b":{}}
,"/home/flavio/projects/react_native_projects/testing_with_expo_react_native/src/Helpers/capitalizeString.js": {"path":"/home/flavio/projects/react_native_projects/testing_with_expo_react_native/src/Helpers/capitalizeString.js","statementMap":{"0":{"start":{"line":1,"column":32},"end":{"line":4,"column":1}},"1":{"start":{"line":2,"column":2},"end":{"line":2,"column":24}},"2":{"start":{"line":2,"column":15},"end":{"line":2,"column":24}},"3":{"start":{"line":3,"column":2},"end":{"line":3,"column":72}}},"fnMap":{"0":{"name":"(anonymous_0)","decl":{"start":{"line":1,"column":32},"end":{"line":1,"column":33}},"loc":{"start":{"line":1,"column":44},"end":{"line":4,"column":1}},"line":1}},"branchMap":{"0":{"loc":{"start":{"line":2,"column":2},"end":{"line":2,"column":24}},"type":"if","locations":[{"start":{"line":2,"column":2},"end":{"line":2,"column":24}},{"start":{},"end":{}}],"line":2}},"s":{"0":1,"1":2,"2":1,"3":1},"f":{"0":2},"b":{"0":[1,1]},"_coverageSchema":"1a1c01bbd47fc00a2c39e90264f33305004495a9","hash":"231d132cde596d93c37ec5d918d6e99589182fcc"}
,"/home/flavio/projects/react_native_projects/testing_with_expo_react_native/src/Helpers/convertCurrency.js": {"path":"/home/flavio/projects/react_native_projects/testing_with_expo_react_native/src/Helpers/convertCurrency.js","statementMap":{"0":{"start":{"line":1,"column":36},"end":{"line":8,"column":1}},"1":{"start":{"line":2,"column":2},"end":{"line":2,"column":20}},"2":{"start":{"line":2,"column":14},"end":{"line":2,"column":20}},"3":{"start":{"line":4,"column":3},"end":{"line":7,"column":19}}},"fnMap":{"0":{"name":"(anonymous_0)","decl":{"start":{"line":1,"column":36},"end":{"line":1,"column":37}},"loc":{"start":{"line":1,"column":47},"end":{"line":8,"column":1}},"line":1}},"branchMap":{"0":{"loc":{"start":{"line":2,"column":2},"end":{"line":2,"column":20}},"type":"if","locations":[{"start":{"line":2,"column":2},"end":{"line":2,"column":20}},{"start":{},"end":{}}],"line":2}},"s":{"0":1,"1":2,"2":1,"3":1},"f":{"0":2},"b":{"0":[1,1]},"_coverageSchema":"1a1c01bbd47fc00a2c39e90264f33305004495a9","hash":"0cd9711c1fb4942c3c031240d811c64764090cd4"}
,"/home/flavio/projects/react_native_projects/testing_with_expo_react_native/src/Helpers/transformString.js": {"path":"/home/flavio/projects/react_native_projects/testing_with_expo_react_native/src/Helpers/transformString.js","statementMap":{"0":{"start":{"line":1,"column":31},"end":{"line":4,"column":1}},"1":{"start":{"line":2,"column":2},"end":{"line":2,"column":24}},"2":{"start":{"line":2,"column":15},"end":{"line":2,"column":24}},"3":{"start":{"line":3,"column":2},"end":{"line":3,"column":29}}},"fnMap":{"0":{"name":"(anonymous_0)","decl":{"start":{"line":1,"column":31},"end":{"line":1,"column":32}},"loc":{"start":{"line":1,"column":43},"end":{"line":4,"column":1}},"line":1}},"branchMap":{"0":{"loc":{"start":{"line":2,"column":2},"end":{"line":2,"column":24}},"type":"if","locations":[{"start":{"line":2,"column":2},"end":{"line":2,"column":24}},{"start":{},"end":{}}],"line":2}},"s":{"0":1,"1":2,"2":1,"3":1},"f":{"0":2},"b":{"0":[1,1]},"_coverageSchema":"1a1c01bbd47fc00a2c39e90264f33305004495a9","hash":"34a5b1fb78190d0ad178d490ddc5ae5da3a36078"}
,"/home/flavio/projects/react_native_projects/testing_with_expo_react_native/src/Services/api.js": {"path":"/home/flavio/projects/react_native_projects/testing_with_expo_react_native/src/Services/api.js","statementMap":{"0":{"start":{"line":3,"column":19},"end":{"line":5,"column":2}}},"fnMap":{},"branchMap":{},"s":{"0":1},"f":{},"b":{},"_coverageSchema":"1a1c01bbd47fc00a2c39e90264f33305004495a9","hash":"cf27b2d5805a1bee4af47c94fbb82c52ebd7420b"}
,"/home/flavio/projects/react_native_projects/testing_with_expo_react_native/src/Services/getPosts.js": {"path":"/home/flavio/projects/react_native_projects/testing_with_expo_react_native/src/Services/getPosts.js","statementMap":{"0":{"start":{"line":3,"column":24},"end":{"line":11,"column":1}},"1":{"start":{"line":4,"column":2},"end":{"line":10,"column":3}},"2":{"start":{"line":5,"column":21},"end":{"line":5,"column":44}},"3":{"start":{"line":6,"column":4},"end":{"line":6,"column":24}},"4":{"start":{"line":8,"column":4},"end":{"line":8,"column":22}},"5":{"start":{"line":9,"column":4},"end":{"line":9,"column":13}}},"fnMap":{"0":{"name":"(anonymous_0)","decl":{"start":{"line":3,"column":24},"end":{"line":3,"column":25}},"loc":{"start":{"line":3,"column":36},"end":{"line":11,"column":1}},"line":3}},"branchMap":{},"s":{"0":0,"1":0,"2":0,"3":0,"4":0,"5":0},"f":{"0":0},"b":{}}
}
